Arguments: 
  /Users/kennethnicholson/.nvm/versions/node/v14.0.0/bin/node /usr/local/Cellar/yarn/1.22.10/libexec/bin/yarn.js init

PATH: 
  /usr/local/Caskroom/google-cloud-sdk/latest/google-cloud-sdk/bin:/Users/kennethnicholson/.nvm/versions/node/v14.0.0/bin:/Users/kennethnicholson/bin:/usr/local/bin:/usr/local/bin:/usr/bin:/bin:/usr/sbin:/sbin:/usr/local/go/bin:/Library/Apple/usr/bin:/Users/kennethnicholson/.local/bin:/Users/kennethnicholson/Library/Python/3.9/bin:/Users/kennethnicholson/.local/bin:/Users/kennethnicholson/Library/Python/3.9/bin

Yarn version: 
  1.22.10

Node version: 
  14.0.0

Platform: 
  darwin x64

Trace: 
  Error: canceled
      at Interface.<anonymous> (/usr/local/Cellar/yarn/1.22.10/libexec/lib/cli.js:137009:13)
      at Interface.emit (events.js:315:20)
      at Interface._ttyWrite (readline.js:873:16)
      at ReadStream.onkeypress (readline.js:213:10)
      at ReadStream.emit (events.js:315:20)
      at emitKeys (internal/readline/utils.js:335:14)
      at emitKeys.next (<anonymous>)
      at ReadStream.onData (readline.js:1140:36)
      at ReadStream.emit (events.js:315:20)
      at addChunk (_stream_readable.js:296:12)

npm manifest: 
  No manifest

yarn manifest: 
  No manifest

Lockfile: 
  No lockfile
